2022-12-08 12:42:57,776 INFO org.hibernate.validator.internal.util.Version [background-preinit] HV000001: Hibernate Validator 6.2.5.Final
2022-12-08 12:42:57,851 INFO org.springframework.boot.logging.DeferredLog [restartedMain] Devtools property defaults active! Set 'spring.devtools.add-properties' to 'false' to disable
2022-12-08 12:42:57,852 INFO org.springframework.boot.logging.DeferredLog [restartedMain] For additional web related logging consider setting the 'logging.level.web' property to 'DEBUG'
2022-12-08 12:42:59,034 INFO org.springframework.data.repository.config.RepositoryConfigurationDelegate [restartedMain] Bootstrapping Spring Data JPA repositories in DEFAULT mode.
2022-12-08 12:42:59,106 INFO org.springframework.data.repository.config.RepositoryConfigurationDelegate [restartedMain] Finished Spring Data repository scanning in 60 ms. Found 7 JPA repository interfaces.
2022-12-08 12:43:00,511 INFO org.springframework.boot.web.embedded.tomcat.TomcatWebServer [restartedMain] Tomcat initialized with port(s): 9000 (http)
2022-12-08 12:43:00,522 INFO org.apache.juli.logging.DirectJDKLog [restartedMain] Initializing ProtocolHandler ["http-nio-9000"]
2022-12-08 12:43:00,523 INFO org.apache.juli.logging.DirectJDKLog [restartedMain] Starting service [Tomcat]
2022-12-08 12:43:00,523 INFO org.apache.juli.logging.DirectJDKLog [restartedMain] Starting Servlet engine: [Apache Tomcat/9.0.65]
2022-12-08 12:43:00,679 INFO org.apache.juli.logging.DirectJDKLog [restartedMain] Initializing Spring embedded WebApplicationContext
2022-12-08 12:43:00,679 INFO org.springframework.boot.web.servlet.context.ServletWebServerApplicationContext [restartedMain] Root WebApplicationContext: initialization completed in 2827 ms
2022-12-08 12:43:01,276 INFO com.zaxxer.hikari.HikariDataSource [restartedMain] HikariPool-1 - Starting...
2022-12-08 12:43:01,538 INFO com.zaxxer.hikari.HikariDataSource [restartedMain] HikariPool-1 - Start completed.
2022-12-08 12:43:01,638 INFO org.hibernate.jpa.internal.util.LogHelper [restartedMain] HHH000204: Processing PersistenceUnitInfo [name: default]
2022-12-08 12:43:01,741 INFO org.hibernate.Version [restartedMain] HHH000412: Hibernate ORM core version 5.6.11.Final
2022-12-08 12:43:01,937 INFO org.hibernate.annotations.common.reflection.java.JavaReflectionManager [restartedMain] HCANN000001: Hibernate Commons Annotations {5.1.2.Final}
2022-12-08 12:43:02,094 INFO org.hibernate.dialect.Dialect [restartedMain] HHH000400: Using dialect: org.hibernate.dialect.MySQL8Dialect
2022-12-08 12:43:03,008 INFO org.hibernate.engine.transaction.jta.platform.internal.JtaPlatformInitiator [restartedMain] HHH000490: Using JtaPlatform implementation: [org.hibernate.engine.transaction.jta.platform.internal.NoJtaPlatform]
2022-12-08 12:43:03,153 INFO org.springframework.orm.jpa.AbstractEntityManagerFactoryBean [restartedMain] Initialized JPA EntityManagerFactory for persistence unit 'default'
2022-12-08 12:43:03,840 WARN org.springframework.data.jpa.repository.query.NamedQuery [restartedMain] Finder method public abstract org.springframework.data.domain.Page com.eazybytes.eazyschool.repository.ContactRepository.findOpenMsgs(java.lang.String,org.springframework.data.domain.Pageable) is backed by a NamedQuery but contains a Pageable parameter! Sorting delivered via this Pageable will not be applied!
2022-12-08 12:43:03,852 WARN org.springframework.data.jpa.repository.query.NamedQuery [restartedMain] Finder method public abstract org.springframework.data.domain.Page com.eazybytes.eazyschool.repository.ContactRepository.findOpenMsgsNative(java.lang.String,org.springframework.data.domain.Pageable) is backed by a NamedQuery but contains a Pageable parameter! Sorting delivered via this Pageable will not be applied!
2022-12-08 12:43:04,175 WARN org.springframework.boot.autoconfigure.orm.jpa.JpaBaseConfiguration$JpaWebConfiguration [restartedMain] spring.jpa.open-in-view is enabled by default. Therefore, database queries may be performed during view rendering. Explicitly configure spring.jpa.open-in-view to disable this warning
2022-12-08 12:43:05,219 INFO org.springframework.boot.actuate.endpoint.web.EndpointLinksResolver [restartedMain] Exposing 13 endpoint(s) beneath base path '/school/actuator'
2022-12-08 12:43:05,400 INFO org.springframework.security.web.DefaultSecurityFilterChain [restartedMain] Will secure any request with [org.springframework.security.web.session.DisableEncodeUrlFilter@39ca5040, org.springframework.security.web.context.request.async.WebAsyncManagerIntegrationFilter@6b2a03a1, org.springframework.security.web.context.SecurityContextPersistenceFilter@148f7d0, org.springframework.security.web.header.HeaderWriterFilter@3e8b0829, org.springframework.security.web.csrf.CsrfFilter@446953d7, org.springframework.security.web.authentication.logout.LogoutFilter@ffec8be, org.springframework.security.web.authentication.UsernamePasswordAuthenticationFilter@564289e, org.springframework.security.web.authentication.www.BasicAuthenticationFilter@33d5891b, org.springframework.security.web.savedrequest.RequestCacheAwareFilter@42b48823, org.springframework.security.web.servletapi.SecurityContextHolderAwareRequestFilter@64c2cd1b, org.springframework.security.web.authentication.AnonymousAuthenticationFilter@7428d28e, org.springframework.security.web.session.SessionManagementFilter@58dbee79, org.springframework.security.web.access.ExceptionTranslationFilter@4b65a21c, org.springframework.security.web.access.intercept.FilterSecurityInterceptor@35c6cf06]
2022-12-08 12:43:06,215 WARN org.springframework.boot.devtools.autoconfigure.OptionalLiveReloadServer [restartedMain] Unable to start LiveReload server
2022-12-08 12:43:06,264 INFO org.apache.juli.logging.DirectJDKLog [restartedMain] Starting ProtocolHandler ["http-nio-9000"]
2022-12-08 12:43:06,284 INFO org.springframework.boot.web.embedded.tomcat.TomcatWebServer [restartedMain] Tomcat started on port(s): 9000 (http) with context path ''
2022-12-08 12:43:06,497 INFO org.apache.juli.logging.DirectJDKLog [http-nio-9000-exec-1] Initializing Spring DispatcherServlet 'dispatcherServlet'
2022-12-08 12:43:06,497 INFO org.springframework.web.servlet.FrameworkServlet [http-nio-9000-exec-1] Initializing Servlet 'dispatcherServlet'
2022-12-08 12:43:06,499 INFO org.springframework.web.servlet.FrameworkServlet [http-nio-9000-exec-1] Completed initialization in 1 ms
2022-12-08 12:43:10,918 WARN de.codecentric.boot.admin.client.registration.DefaultApplicationRegistrator [registrationTask1] Failed to register application as Application(name=School, managementUrl=http://localhost:9000/school/actuator, healthUrl=http://localhost:9000/school/actuator/health, serviceUrl=http://LAPTOP-JU6EL6MQ:9000/) at spring-boot-admin ([http://localhost:9000/instances]): 403 : "{"timestamp":"2022-12-08T09:43:10.911+00:00","status":403,"error":"Forbidden","message":"Forbidden","path":"/instances"}". Further attempts are logged on DEBUG level
2022-12-08 14:31:42,930 WARN org.springframework.web.servlet.handler.AbstractHandlerExceptionResolver [http-nio-9000-exec-6] Resolved [java.lang.IllegalArgumentException: Page index must not be less than zero]
2022-12-08 17:04:34,878 INFO org.springframework.orm.jpa.AbstractEntityManagerFactoryBean [SpringApplicationShutdownHook] Closing JPA EntityManagerFactory for persistence unit 'default'
2022-12-08 17:04:34,908 INFO com.zaxxer.hikari.HikariDataSource [SpringApplicationShutdownHook] HikariPool-1 - Shutdown initiated...
2022-12-08 17:04:34,917 INFO com.zaxxer.hikari.HikariDataSource [SpringApplicationShutdownHook] HikariPool-1 - Shutdown completed.
