2022-12-05 11:40:04,002 INFO org.hibernate.validator.internal.util.Version [background-preinit] HV000001: Hibernate Validator 6.2.5.Final
2022-12-05 11:40:04,102 INFO org.springframework.boot.logging.DeferredLog [restartedMain] Devtools property defaults active! Set 'spring.devtools.add-properties' to 'false' to disable
2022-12-05 11:40:04,103 INFO org.springframework.boot.logging.DeferredLog [restartedMain] For additional web related logging consider setting the 'logging.level.web' property to 'DEBUG'
2022-12-05 11:40:06,020 INFO org.springframework.data.repository.config.RepositoryConfigurationDelegate [restartedMain] Bootstrapping Spring Data JPA repositories in DEFAULT mode.
2022-12-05 11:40:06,384 INFO org.springframework.data.repository.config.RepositoryConfigurationDelegate [restartedMain] Finished Spring Data repository scanning in 297 ms. Found 7 JPA repository interfaces.
2022-12-05 11:40:12,350 INFO org.springframework.boot.web.embedded.tomcat.TomcatWebServer [restartedMain] Tomcat initialized with port(s): 8080 (http)
2022-12-05 11:40:12,372 INFO org.apache.juli.logging.DirectJDKLog [restartedMain] Initializing ProtocolHandler ["http-nio-8080"]
2022-12-05 11:40:12,376 INFO org.apache.juli.logging.DirectJDKLog [restartedMain] Starting service [Tomcat]
2022-12-05 11:40:12,381 INFO org.apache.juli.logging.DirectJDKLog [restartedMain] Starting Servlet engine: [Apache Tomcat/9.0.65]
2022-12-05 11:40:12,880 INFO org.apache.juli.logging.DirectJDKLog [restartedMain] Initializing Spring embedded WebApplicationContext
2022-12-05 11:40:12,880 INFO org.springframework.boot.web.servlet.context.ServletWebServerApplicationContext [restartedMain] Root WebApplicationContext: initialization completed in 8774 ms
2022-12-05 11:40:13,955 INFO com.zaxxer.hikari.HikariDataSource [restartedMain] HikariPool-1 - Starting...
2022-12-05 11:40:14,717 INFO com.zaxxer.hikari.HikariDataSource [restartedMain] HikariPool-1 - Start completed.
2022-12-05 11:40:14,921 INFO org.hibernate.jpa.internal.util.LogHelper [restartedMain] HHH000204: Processing PersistenceUnitInfo [name: default]
2022-12-05 11:40:15,111 INFO org.hibernate.Version [restartedMain] HHH000412: Hibernate ORM core version 5.6.11.Final
2022-12-05 11:40:15,480 INFO org.hibernate.annotations.common.reflection.java.JavaReflectionManager [restartedMain] HCANN000001: Hibernate Commons Annotations {5.1.2.Final}
2022-12-05 11:40:15,854 INFO org.hibernate.dialect.Dialect [restartedMain] HHH000400: Using dialect: org.hibernate.dialect.MySQL8Dialect
2022-12-05 11:40:17,944 INFO org.hibernate.engine.transaction.jta.platform.internal.JtaPlatformInitiator [restartedMain] HHH000490: Using JtaPlatform implementation: [org.hibernate.engine.transaction.jta.platform.internal.NoJtaPlatform]
2022-12-05 11:40:18,304 INFO org.springframework.orm.jpa.AbstractEntityManagerFactoryBean [restartedMain] Initialized JPA EntityManagerFactory for persistence unit 'default'
2022-12-05 11:40:20,110 WARN org.springframework.data.jpa.repository.query.NamedQuery [restartedMain] Finder method public abstract org.springframework.data.domain.Page com.eazybytes.eazyschool.repository.ContactRepository.findOpenMsgs(java.lang.String,org.springframework.data.domain.Pageable) is backed by a NamedQuery but contains a Pageable parameter! Sorting delivered via this Pageable will not be applied!
2022-12-05 11:40:20,146 WARN org.springframework.data.jpa.repository.query.NamedQuery [restartedMain] Finder method public abstract org.springframework.data.domain.Page com.eazybytes.eazyschool.repository.ContactRepository.findOpenMsgsNative(java.lang.String,org.springframework.data.domain.Pageable) is backed by a NamedQuery but contains a Pageable parameter! Sorting delivered via this Pageable will not be applied!
2022-12-05 11:40:20,709 WARN org.springframework.boot.autoconfigure.orm.jpa.JpaBaseConfiguration$JpaWebConfiguration [restartedMain] spring.jpa.open-in-view is enabled by default. Therefore, database queries may be performed during view rendering. Explicitly configure spring.jpa.open-in-view to disable this warning
2022-12-05 11:40:23,735 INFO org.springframework.boot.actuate.endpoint.web.EndpointLinksResolver [restartedMain] Exposing 13 endpoint(s) beneath base path '/school/actuator'
2022-12-05 11:40:24,153 INFO org.springframework.security.web.DefaultSecurityFilterChain [restartedMain] Will secure any request with [org.springframework.security.web.session.DisableEncodeUrlFilter@195a4137, org.springframework.security.web.context.request.async.WebAsyncManagerIntegrationFilter@2e581b07, org.springframework.security.web.context.SecurityContextPersistenceFilter@6b73b66, org.springframework.security.web.header.HeaderWriterFilter@4bf37bc1, org.springframework.security.web.csrf.CsrfFilter@26cf3e0b, org.springframework.security.web.authentication.logout.LogoutFilter@1033e09c, org.springframework.security.web.authentication.UsernamePasswordAuthenticationFilter@5cd1ee43, org.springframework.security.web.authentication.www.BasicAuthenticationFilter@26f97bbc, org.springframework.security.web.savedrequest.RequestCacheAwareFilter@abb9f18, org.springframework.security.web.servletapi.SecurityContextHolderAwareRequestFilter@3a371a58, org.springframework.security.web.authentication.AnonymousAuthenticationFilter@4311b1eb, org.springframework.security.web.session.SessionManagementFilter@1cd4264f, org.springframework.security.web.access.ExceptionTranslationFilter@58c52ca3, org.springframework.security.web.access.intercept.FilterSecurityInterceptor@2eefd23b]
2022-12-05 11:40:26,234 INFO org.springframework.boot.devtools.autoconfigure.OptionalLiveReloadServer [restartedMain] LiveReload server is running on port 35729
2022-12-05 11:40:26,346 INFO org.apache.juli.logging.DirectJDKLog [restartedMain] Starting ProtocolHandler ["http-nio-8080"]
2022-12-05 11:40:26,419 INFO org.springframework.boot.web.embedded.tomcat.TomcatWebServer [restartedMain] Tomcat started on port(s): 8080 (http) with context path ''
2022-12-05 11:40:26,713 INFO org.apache.juli.logging.DirectJDKLog [http-nio-8080-exec-1] Initializing Spring DispatcherServlet 'dispatcherServlet'
2022-12-05 11:40:26,713 INFO org.springframework.web.servlet.FrameworkServlet [http-nio-8080-exec-1] Initializing Servlet 'dispatcherServlet'
2022-12-05 11:40:26,716 INFO org.springframework.web.servlet.FrameworkServlet [http-nio-8080-exec-1] Completed initialization in 2 ms
2022-12-05 11:40:31,185 WARN de.codecentric.boot.admin.client.registration.DefaultApplicationRegistrator [registrationTask1] Failed to register application as Application(name=School, managementUrl=http://localhost:9000/school/actuator, healthUrl=http://localhost:9000/school/actuator/health, serviceUrl=http://LAPTOP-JU6EL6MQ:8080/) at spring-boot-admin ([http://localhost:9000/instances]): I/O error on POST request for "http://localhost:9000/instances": Connection refused: no further information; nested exception is java.net.ConnectException: Connection refused: no further information. Further attempts are logged on DEBUG level
2022-12-05 11:40:31,491 ERROR com.eazybytes.eazyschool.controller.ContactController [http-nio-8080-exec-8] Contact form validation failed due to: org.springframework.validation.BeanPropertyBindingResult: 6 errors
Field error in object 'contact' on field 'mobileNum': rejected value []; codes [NotBlank.contact.mobileNum,NotBlank.mobileNum,NotBlank.java.lang.String,NotBlank]; arguments [org.springframework.context.support.DefaultMessageSourceResolvable: codes [contact.mobileNum,mobileNum]; arguments []; default message [mobileNum]]; default message [Mobile number couldn't be blank]
Field error in object 'contact' on field 'name': rejected value []; codes [Size.contact.name,Size.name,Size.java.lang.String,Size]; arguments [org.springframework.context.support.DefaultMessageSourceResolvable: codes [contact.name,name]; arguments []; default message [name],2147483647,3]; default message [Name must be at least 3 characters long]
Field error in object 'contact' on field 'name': rejected value []; codes [NotBlank.contact.name,NotBlank.name,NotBlank.java.lang.String,NotBlank]; arguments [org.springframework.context.support.DefaultMessageSourceResolvable: codes [contact.name,name]; arguments []; default message [name]]; default message [Name couldn't be blank]
Field error in object 'contact' on field 'subject': rejected value []; codes [Size.contact.subject,Size.subject,Size.java.lang.String,Size]; arguments [org.springframework.context.support.DefaultMessageSourceResolvable: codes [contact.subject,subject]; arguments []; default message [subject],2147483647,5]; default message [Subject must be at least 5 characters long]
Field error in object 'contact' on field 'subject': rejected value []; codes [NotBlank.contact.subject,NotBlank.subject,NotBlank.java.lang.String,NotBlank]; arguments [org.springframework.context.support.DefaultMessageSourceResolvable: codes [contact.subject,subject]; arguments []; default message [subject]]; default message [Subject couldn't be blank]
Field error in object 'contact' on field 'email': rejected value []; codes [NotBlank.contact.email,NotBlank.email,NotBlank.java.lang.String,NotBlank]; arguments [org.springframework.context.support.DefaultMessageSourceResolvable: codes [contact.email,email]; arguments []; default message [email]]; default message [email couldn't be blank]
2022-12-05 11:44:51,786 WARN org.springframework.web.servlet.handler.AbstractHandlerExceptionResolver [http-nio-8080-exec-7] Resolved [javax.validation.ConstraintViolationException: Validation failed for classes [com.eazybytes.eazyschool.model.EazyClass] during persist time for groups [javax.validation.groups.Default, ]<EOL>List of constraint violations:[<EOL>?ConstraintViolationImpl{interpolatedMessage='Name must be at least 3 characters long', propertyPath=name, rootBeanClass=class com.eazybytes.eazyschool.model.EazyClass, messageTemplate='Name must be at least 3 characters long'}<EOL>]]
2022-12-05 16:07:16,447 INFO org.springframework.orm.jpa.AbstractEntityManagerFactoryBean [SpringApplicationShutdownHook] Closing JPA EntityManagerFactory for persistence unit 'default'
2022-12-05 16:07:16,454 INFO com.zaxxer.hikari.HikariDataSource [SpringApplicationShutdownHook] HikariPool-1 - Shutdown initiated...
2022-12-05 16:07:16,457 INFO com.zaxxer.hikari.HikariDataSource [SpringApplicationShutdownHook] HikariPool-1 - Shutdown completed.
